  [1m[35m (75.6ms)[0m  [1m[35mCREATE DATABASE "active_demo_development" ENCODING = 'unicode'[0m
  [1m[35m (74.9ms)[0m  [1m[35mCREATE DATABASE "active_demo_test" ENCODING = 'unicode'[0m
Started GET "/" for 127.0.0.1 at 2021-07-16 16:17:34 +0530
Processing by UsersController#index as HTML
Completed 500 Internal Server Error in 10ms (ActiveRecord: 0.0ms | Allocations: 4063)


  
NameError (uninitialized constant UsersController::User):
  
app/controllers/users_controller.rb:3:in `index'
Started GET "/" for 127.0.0.1 at 2021-07-16 16:18:20 +0530
  [1m[35m (9.6ms)[0m  [1m[35mCREATE TABLE "schema_migrations" ("version" character varying NOT NULL PRIMARY KEY)[0m
  [1m[35m (8.9ms)[0m  [1m[35mCREATE TABLE "ar_internal_metadata" ("key" character varying NOT NULL PRIMARY KEY, "value" character varying, "created_at" timestamp(6) NOT NULL, "updated_at" timestamp(6) NOT NULL)[0m
  [1m[35m (1.2ms)[0m  [1m[34mSELECT "schema_migrations"."version" FROM "schema_migrations" ORDER BY "schema_migrations"."version" ASC[0m
  
ActiveRecord::PendingMigrationError (

Migrations are pending. To resolve this issue, run:

        bin/rails db:migrate RAILS_ENV=development

You have 1 pending migration:

20210716104812_create_users.rb


):
  
activerecord (6.1.4) lib/active_record/migration.rb:625:in `check_pending!'
activerecord (6.1.4) lib/active_record/migration.rb:590:in `block (2 levels) in call'
activesupport (6.1.4) lib/active_support/evented_file_update_checker.rb:59:in `execute'
activerecord (6.1.4) lib/active_record/migration.rb:595:in `block in call'
activerecord (6.1.4) lib/active_record/migration.rb:587:in `synchronize'
activerecord (6.1.4) lib/active_record/migration.rb:587:in `call'
actionpack (6.1.4) lib/action_dispatch/middleware/callbacks.rb:27:in `block in call'
activesupport (6.1.4) lib/active_support/callbacks.rb:98:in `run_callbacks'
actionpack (6.1.4) lib/action_dispatch/middleware/callbacks.rb:26:in `call'
actionpack (6.1.4) lib/action_dispatch/middleware/executor.rb:14:in `call'
actionpack (6.1.4) lib/action_dispatch/middleware/actionable_exceptions.rb:18:in `call'
actionpack (6.1.4) lib/action_dispatch/middleware/debug_exceptions.rb:29:in `call'
web-console (4.1.0) lib/web_console/middleware.rb:132:in `call_app'
web-console (4.1.0) lib/web_console/middleware.rb:28:in `block in call'
web-console (4.1.0) lib/web_console/middleware.rb:17:in `catch'
web-console (4.1.0) lib/web_console/middleware.rb:17:in `call'
actionpack (6.1.4) lib/action_dispatch/middleware/show_exceptions.rb:33:in `call'
railties (6.1.4) lib/rails/rack/logger.rb:37:in `call_app'
railties (6.1.4) lib/rails/rack/logger.rb:26:in `block in call'
activesupport (6.1.4) lib/active_support/tagged_logging.rb:99:in `block in tagged'
activesupport (6.1.4) lib/active_support/tagged_logging.rb:37:in `tagged'
activesupport (6.1.4) lib/active_support/tagged_logging.rb:99:in `tagged'
railties (6.1.4) lib/rails/rack/logger.rb:26:in `call'
sprockets-rails (3.2.2) lib/sprockets/rails/quiet_assets.rb:13:in `call'
actionpack (6.1.4) lib/action_dispatch/middleware/remote_ip.rb:81:in `call'
actionpack (6.1.4) lib/action_dispatch/middleware/request_id.rb:26:in `call'
rack (2.2.3) lib/rack/method_override.rb:24:in `call'
rack (2.2.3) lib/rack/runtime.rb:22:in `call'
activesupport (6.1.4) lib/active_support/cache/strategy/local_cache_middleware.rb:29:in `call'
actionpack (6.1.4) lib/action_dispatch/middleware/executor.rb:14:in `call'
actionpack (6.1.4) lib/action_dispatch/middleware/static.rb:24:in `call'
rack (2.2.3) lib/rack/sendfile.rb:110:in `call'
actionpack (6.1.4) lib/action_dispatch/middleware/host_authorization.rb:98:in `call'
rack-mini-profiler (2.3.2) lib/mini_profiler/profiler.rb:384:in `call'
webpacker (5.4.0) lib/webpacker/dev_server_proxy.rb:25:in `perform_request'
rack-proxy (0.7.0) lib/rack/proxy.rb:63:in `call'
railties (6.1.4) lib/rails/engine.rb:539:in `call'
puma (5.3.2) lib/puma/configuration.rb:249:in `call'
puma (5.3.2) lib/puma/request.rb:77:in `block in handle_request'
puma (5.3.2) lib/puma/thread_pool.rb:338:in `with_force_shutdown'
puma (5.3.2) lib/puma/request.rb:76:in `handle_request'
puma (5.3.2) lib/puma/server.rb:438:in `process_client'
puma (5.3.2) lib/puma/thread_pool.rb:145:in `block in spawn_thread'
  [1m[35m (0.2ms)[0m  [1m[34mSELECT pg_try_advisory_lock(4194048728173381875)[0m
  [1m[35m (0.5ms)[0m  [1m[34mSELECT "schema_migrations"."version" FROM "schema_migrations" ORDER BY "schema_migrations"."version" ASC[0m
Migrating to CreateUsers (20210716104812)
  [1m[36mTRANSACTION (0.1ms)[0m  [1m[35mBEGIN[0m
  [1m[35m (10.2ms)[0m  [1m[35mCREATE TABLE "users" ("id" bigserial primary key, "name" character varying, "phone" character varying, "created_at" timestamp(6) NOT NULL, "updated_at" timestamp(6) NOT NULL)[0m
  [1m[36mActiveRecord::SchemaMigration Create (0.5ms)[0m  [1m[32mINSERT INTO "schema_migrations" ("version") VALUES ($1) RETURNING "version"[0m  [["version", "20210716104812"]]
  [1m[36mTRANSACTION (1.4ms)[0m  [1m[35mCOMMIT[0m
  [1m[36mActiveRecord::InternalMetadata Load (0.3ms)[0m  [1m[34mSELECT "ar_internal_metadata".* FROM "ar_internal_metadata" WHERE "ar_internal_metadata"."key" = $1 LIMIT $2[0m  [["key", "environment"], ["LIMIT", 1]]
  [1m[36mTRANSACTION (0.2ms)[0m  [1m[35mBEGIN[0m
  [1m[36mActiveRecord::InternalMetadata Create (0.6ms)[0m  [1m[32mINSERT INTO "ar_internal_metadata" ("key", "value", "created_at", "updated_at") VALUES ($1, $2, $3, $4) RETURNING "key"[0m  [["key", "environment"], ["value", "development"], ["created_at", "2021-07-16 10:48:35.273220"], ["updated_at", "2021-07-16 10:48:35.273220"]]
  [1m[36mTRANSACTION (1.2ms)[0m  [1m[35mCOMMIT[0m
  [1m[35m (0.3ms)[0m  [1m[34mSELECT pg_advisory_unlock(4194048728173381875)[0m
  [1m[35m (0.6ms)[0m  [1m[34mSELECT "schema_migrations"."version" FROM "schema_migrations" ORDER BY "schema_migrations"."version" ASC[0m
Started GET "/" for 127.0.0.1 at 2021-07-16 16:18:45 +0530
  [1m[35m (1.0ms)[0m  [1m[34mSELECT "schema_migrations"."version" FROM "schema_migrations" ORDER BY "schema_migrations"."version" ASC[0m
Processing by UsersController#index as HTML
  Rendering layout layouts/application.html.erb
  Rendering users/index.html.erb within layouts/application
  Rendered users/index.html.erb within layouts/application (Duration: 0.8ms | Allocations: 359)
[Webpacker] Compiling...
Started GET "/" for 127.0.0.1 at 2021-07-16 16:18:46 +0530
Processing by UsersController#index as HTML
  Rendering layout layouts/application.html.erb
  Rendering users/index.html.erb within layouts/application
  Rendered users/index.html.erb within layouts/application (Duration: 0.1ms | Allocations: 38)
[Webpacker] Compiling...
[Webpacker] Compiled all packs in /home/meet/Documents/tntra/active-demo/public/packs
[Webpacker] Though the "loose" option was set to "false" in your @babel/preset-env config, it will not be used for @babel/plugin-proposal-private-methods since the "loose" mode option was set to "true" for @babel/plugin-proposal-class-properties.
The "loose" option must be the same for @babel/plugin-proposal-class-properties, @babel/plugin-proposal-private-methods and @babel/plugin-proposal-private-property-in-object (when they are enabled): you can silence this warning by explicitly adding
	["@babel/plugin-proposal-private-methods", { "loose": true }]
to the "plugins" section of your Babel config.
Though the "loose" option was set to "false" in your @babel/preset-env config, it will not be used for @babel/plugin-proposal-private-methods since the "loose" mode option was set to "true" for @babel/plugin-proposal-class-properties.
The "loose" option must be the same for @babel/plugin-proposal-class-properties, @babel/plugin-proposal-private-methods and @babel/plugin-proposal-private-property-in-object (when they are enabled): you can silence this warning by explicitly adding
	["@babel/plugin-proposal-private-methods", { "loose": true }]
to the "plugins" section of your Babel config.
Though the "loose" option was set to "false" in your @babel/preset-env config, it will not be used for @babel/plugin-proposal-private-methods since the "loose" mode option was set to "true" for @babel/plugin-proposal-class-properties.
The "loose" option must be the same for @babel/plugin-proposal-class-properties, @babel/plugin-proposal-private-methods and @babel/plugin-proposal-private-property-in-object (when they are enabled): you can silence this warning by explicitly adding
	["@babel/plugin-proposal-private-methods", { "loose": true }]
to the "plugins" section of your Babel config.
Though the "loose" option was set to "false" in your @babel/preset-env config, it will not be used for @babel/plugin-proposal-private-methods since the "loose" mode option was set to "true" for @babel/plugin-proposal-class-properties.
The "loose" option must be the same for @babel/plugin-proposal-class-properties, @babel/plugin-proposal-private-methods and @babel/plugin-proposal-private-property-in-object (when they are enabled): you can silence this warning by explicitly adding
	["@babel/plugin-proposal-private-methods", { "loose": true }]
to the "plugins" section of your Babel config.
Though the "loose" option was set to "false" in your @babel/preset-env config, it will not be used for @babel/plugin-proposal-private-methods since the "loose" mode option was set to "true" for @babel/plugin-proposal-class-properties.
The "loose" option must be the same for @babel/plugin-proposal-class-properties, @babel/plugin-proposal-private-methods and @babel/plugin-proposal-private-property-in-object (when they are enabled): you can silence this warning by explicitly adding
	["@babel/plugin-proposal-private-methods", { "loose": true }]
to the "plugins" section of your Babel config.
Though the "loose" option was set to "false" in your @babel/preset-env config, it will not be used for @babel/plugin-proposal-private-methods since the "loose" mode option was set to "true" for @babel/plugin-proposal-class-properties.
The "loose" option must be the same for @babel/plugin-proposal-class-properties, @babel/plugin-proposal-private-methods and @babel/plugin-proposal-private-property-in-object (when they are enabled): you can silence this warning by explicitly adding
	["@babel/plugin-proposal-private-methods", { "loose": true }]
to the "plugins" section of your Babel config.

[Webpacker] Hash: e2a8a876c5815bee1e21
Version: webpack 4.46.0
Time: 1815ms
Built at: 07/16/2021 4:18:48 PM
                                     Asset       Size       Chunks                         Chunk Names
    js/application-e421b4aa3f716bebdab1.js    125 KiB  application  [emitted] [immutable]  application
js/application-e421b4aa3f716bebdab1.js.map    139 KiB  application  [emitted] [dev]        application
                             manifest.json  364 bytes               [emitted]              
Entrypoint application = js/application-e421b4aa3f716bebdab1.js js/application-e421b4aa3f716bebdab1.js.map
[./app/javascript/channels sync recursive _channel\.js$] ./app/javascript/channels sync _channel\.js$ 160 bytes {application} [built]
[./app/javascript/channels/index.js] 211 bytes {application} [built]
[./app/javascript/packs/application.js] 492 bytes {application} [built]
[./node_modules/webpack/buildin/module.js] (webpack)/buildin/module.js 552 bytes {application} [built]
    + 3 hidden modules

  Rendered layout layouts/application.html.erb (Duration: 3280.1ms | Allocations: 19909)
Completed 200 OK in 3294ms (Views: 3282.9ms | ActiveRecord: 0.0ms | Allocations: 24046)


[Webpacker] Compiled all packs in /home/meet/Documents/tntra/active-demo/public/packs
[Webpacker] Hash: e2a8a876c5815bee1e21
Version: webpack 4.46.0
Time: 732ms
Built at: 07/16/2021 4:18:48 PM
                                     Asset       Size       Chunks                         Chunk Names
    js/application-e421b4aa3f716bebdab1.js    125 KiB  application  [emitted] [immutable]  application
js/application-e421b4aa3f716bebdab1.js.map    139 KiB  application  [emitted] [dev]        application
                             manifest.json  364 bytes               [emitted]              
Entrypoint application = js/application-e421b4aa3f716bebdab1.js js/application-e421b4aa3f716bebdab1.js.map
[./app/javascript/channels sync recursive _channel\.js$] ./app/javascript/channels sync _channel\.js$ 160 bytes {application} [built]
[./app/javascript/channels/index.js] 211 bytes {application} [built]
[./app/javascript/packs/application.js] 492 bytes {application} [built]
[./node_modules/webpack/buildin/module.js] (webpack)/buildin/module.js 552 bytes {application} [built]
    + 3 hidden modules

  Rendered layout layouts/application.html.erb (Duration: 2271.0ms | Allocations: 6844)
Completed 200 OK in 2273ms (Views: 2271.6ms | ActiveRecord: 0.0ms | Allocations: 7355)


Started GET "/" for 127.0.0.1 at 2021-07-16 16:18:55 +0530
  [1m[35m (1.3ms)[0m  [1m[34mSELECT "schema_migrations"."version" FROM "schema_migrations" ORDER BY "schema_migrations"."version" ASC[0m
Processing by UsersController#index as HTML
  Rendering layout layouts/application.html.erb
  Rendering users/index.html.erb within layouts/application
  Rendered users/index.html.erb within layouts/application (Duration: 0.9ms | Allocations: 359)
[Webpacker] Everything's up-to-date. Nothing to do
  Rendered layout layouts/application.html.erb (Duration: 10.3ms | Allocations: 6036)
Completed 200 OK in 23ms (Views: 13.2ms | ActiveRecord: 0.0ms | Allocations: 10262)


Started GET "/" for 127.0.0.1 at 2021-07-16 16:25:15 +0530
  [1m[35m (1.2ms)[0m  [1m[34mSELECT "schema_migrations"."version" FROM "schema_migrations" ORDER BY "schema_migrations"."version" ASC[0m
Processing by UsersController#index as HTML
  Rendering layout layouts/application.html.erb
  Rendering users/index.html.erb within layouts/application
  Rendered users/index.html.erb within layouts/application (Duration: 0.8ms | Allocations: 359)
[Webpacker] Everything's up-to-date. Nothing to do
  Rendered layout layouts/application.html.erb (Duration: 12.6ms | Allocations: 6035)
Completed 200 OK in 25ms (Views: 15.9ms | ActiveRecord: 0.0ms | Allocations: 10261)


Started GET "/" for 127.0.0.1 at 2021-07-16 16:39:15 +0530
  [1m[35m (1.2ms)[0m  [1m[34mSELECT "schema_migrations"."version" FROM "schema_migrations" ORDER BY "schema_migrations"."version" ASC[0m
Processing by UsersController#index as HTML
  Rendering layout layouts/application.html.erb
  Rendering users/index.html.erb within layouts/application
  [1m[36mUser Load (1.3ms)[0m  [1m[34mSELECT "users".* FROM "users"[0m
  ↳ app/views/users/index.html.erb:11
  Rendered users/index.html.erb within layouts/application (Duration: 15.2ms | Allocations: 5863)
  Rendered layout layouts/application.html.erb (Duration: 15.5ms | Allocations: 5957)
Completed 500 Internal Server Error in 28ms (ActiveRecord: 1.3ms | Allocations: 10115)


  
ActionView::Template::Error (undefined local variable or method `new_user_path' for #<ActionView::Base:0x00000000007f30>):
    19:   <% end %>
    20: </table>
    21: 
    22: <%= link_to "New User", new_user_path %>
  
app/views/users/index.html.erb:22
Started GET "/" for 127.0.0.1 at 2021-07-16 16:40:29 +0530
  [1m[35m (1.1ms)[0m  [1m[34mSELECT "schema_migrations"."version" FROM "schema_migrations" ORDER BY "schema_migrations"."version" ASC[0m
Processing by Rails::WelcomeController#index as HTML
  Rendering /home/meet/.rvm/gems/ruby-3.0.1/gems/railties-6.1.4/lib/rails/templates/rails/welcome/index.html.erb
  Rendered /home/meet/.rvm/gems/ruby-3.0.1/gems/railties-6.1.4/lib/rails/templates/rails/welcome/index.html.erb (Duration: 9.8ms | Allocations: 490)
Completed 200 OK in 20ms (Views: 12.1ms | ActiveRecord: 0.0ms | Allocations: 3738)


Started GET "/" for 127.0.0.1 at 2021-07-16 16:41:13 +0530
  [1m[35m (1.0ms)[0m  [1m[34mSELECT "schema_migrations"."version" FROM "schema_migrations" ORDER BY "schema_migrations"."version" ASC[0m
Processing by UsersController#index as HTML
  Rendering layout layouts/application.html.erb
  Rendering users/index.html.erb within layouts/application
  [1m[36mUser Load (1.4ms)[0m  [1m[34mSELECT "users".* FROM "users"[0m
  ↳ app/views/users/index.html.erb:11
  Rendered users/index.html.erb within layouts/application (Duration: 4.3ms | Allocations: 1610)
[Webpacker] Everything's up-to-date. Nothing to do
  Rendered layout layouts/application.html.erb (Duration: 15.1ms | Allocations: 7238)
Completed 200 OK in 27ms (Views: 16.3ms | ActiveRecord: 1.4ms | Allocations: 11456)


Started GET "/users/new" for 127.0.0.1 at 2021-07-16 16:41:15 +0530
Processing by UsersController#new as HTML
  Rendering layout layouts/application.html.erb
  Rendering users/new.html.erb within layouts/application
  Rendered users/_form.html.erb (Duration: 15.9ms | Allocations: 5025)
  Rendered users/new.html.erb within layouts/application (Duration: 17.0ms | Allocations: 5394)
[Webpacker] Everything's up-to-date. Nothing to do
  Rendered layout layouts/application.html.erb (Duration: 23.5ms | Allocations: 8379)
Completed 200 OK in 38ms (Views: 24.1ms | ActiveRecord: 5.8ms | Allocations: 12709)


Started POST "/users" for 127.0.0.1 at 2021-07-16 16:41:23 +0530
  
AbstractController::ActionNotFound (The action 'create' could not be found for UsersController
Did you mean?  create_random
               update
               edit
               destroy):
  
actionpack (6.1.4) lib/abstract_controller/base.rb:160:in `process'
actionview (6.1.4) lib/action_view/rendering.rb:39:in `process'
actionpack (6.1.4) lib/action_controller/metal.rb:190:in `dispatch'
actionpack (6.1.4) lib/action_controller/metal.rb:254:in `dispatch'
actionpack (6.1.4) lib/action_dispatch/routing/route_set.rb:50:in `dispatch'
actionpack (6.1.4) lib/action_dispatch/routing/route_set.rb:33:in `serve'
actionpack (6.1.4) lib/action_dispatch/journey/router.rb:50:in `block in serve'
actionpack (6.1.4) lib/action_dispatch/journey/router.rb:32:in `each'
actionpack (6.1.4) lib/action_dispatch/journey/router.rb:32:in `serve'
actionpack (6.1.4) lib/action_dispatch/routing/route_set.rb:842:in `call'
rack (2.2.3) lib/rack/tempfile_reaper.rb:15:in `call'
rack (2.2.3) lib/rack/etag.rb:27:in `call'
rack (2.2.3) lib/rack/conditional_get.rb:40:in `call'
rack (2.2.3) lib/rack/head.rb:12:in `call'
actionpack (6.1.4) lib/action_dispatch/http/permissions_policy.rb:22:in `call'
actionpack (6.1.4) lib/action_dispatch/http/content_security_policy.rb:18:in `call'
rack (2.2.3) lib/rack/session/abstract/id.rb:266:in `context'
rack (2.2.3) lib/rack/session/abstract/id.rb:260:in `call'
actionpack (6.1.4) lib/action_dispatch/middleware/cookies.rb:689:in `call'
activerecord (6.1.4) lib/active_record/migration.rb:601:in `call'
actionpack (6.1.4) lib/action_dispatch/middleware/callbacks.rb:27:in `block in call'
activesupport (6.1.4) lib/active_support/callbacks.rb:98:in `run_callbacks'
actionpack (6.1.4) lib/action_dispatch/middleware/callbacks.rb:26:in `call'
actionpack (6.1.4) lib/action_dispatch/middleware/executor.rb:14:in `call'
actionpack (6.1.4) lib/action_dispatch/middleware/actionable_exceptions.rb:18:in `call'
actionpack (6.1.4) lib/action_dispatch/middleware/debug_exceptions.rb:29:in `call'
web-console (4.1.0) lib/web_console/middleware.rb:132:in `call_app'
web-console (4.1.0) lib/web_console/middleware.rb:28:in `block in call'
web-console (4.1.0) lib/web_console/middleware.rb:17:in `catch'
web-console (4.1.0) lib/web_console/middleware.rb:17:in `call'
actionpack (6.1.4) lib/action_dispatch/middleware/show_exceptions.rb:33:in `call'
railties (6.1.4) lib/rails/rack/logger.rb:37:in `call_app'
railties (6.1.4) lib/rails/rack/logger.rb:26:in `block in call'
activesupport (6.1.4) lib/active_support/tagged_logging.rb:99:in `block in tagged'
activesupport (6.1.4) lib/active_support/tagged_logging.rb:37:in `tagged'
activesupport (6.1.4) lib/active_support/tagged_logging.rb:99:in `tagged'
railties (6.1.4) lib/rails/rack/logger.rb:26:in `call'
sprockets-rails (3.2.2) lib/sprockets/rails/quiet_assets.rb:13:in `call'
actionpack (6.1.4) lib/action_dispatch/middleware/remote_ip.rb:81:in `call'
actionpack (6.1.4) lib/action_dispatch/middleware/request_id.rb:26:in `call'
rack (2.2.3) lib/rack/method_override.rb:24:in `call'
rack (2.2.3) lib/rack/runtime.rb:22:in `call'
activesupport (6.1.4) lib/active_support/cache/strategy/local_cache_middleware.rb:29:in `call'
actionpack (6.1.4) lib/action_dispatch/middleware/executor.rb:14:in `call'
actionpack (6.1.4) lib/action_dispatch/middleware/static.rb:24:in `call'
rack (2.2.3) lib/rack/sendfile.rb:110:in `call'
actionpack (6.1.4) lib/action_dispatch/middleware/host_authorization.rb:98:in `call'
rack-mini-profiler (2.3.2) lib/mini_profiler/profiler.rb:384:in `call'
webpacker (5.4.0) lib/webpacker/dev_server_proxy.rb:25:in `perform_request'
rack-proxy (0.7.0) lib/rack/proxy.rb:63:in `call'
railties (6.1.4) lib/rails/engine.rb:539:in `call'
puma (5.3.2) lib/puma/configuration.rb:249:in `call'
puma (5.3.2) lib/puma/request.rb:77:in `block in handle_request'
puma (5.3.2) lib/puma/thread_pool.rb:338:in `with_force_shutdown'
puma (5.3.2) lib/puma/request.rb:76:in `handle_request'
puma (5.3.2) lib/puma/server.rb:438:in `process_client'
puma (5.3.2) lib/puma/thread_pool.rb:145:in `block in spawn_thread'
Started POST "/users" for 127.0.0.1 at 2021-07-16 16:41:59 +0530
  [1m[35m (1.3ms)[0m  [1m[34mSELECT "schema_migrations"."version" FROM "schema_migrations" ORDER BY "schema_migrations"."version" ASC[0m
Processing by UsersController#create as HTML
  Parameters: {"authenticity_token"=>"[FILTERED]", "user"=>{"name"=>"Meet", "phone"=>"1234567"}, "commit"=>"Create User"}
[ActiveJob] Failed enqueuing GenerateRandomUserJob to Sidekiq(default): Redis::CannotConnectError (Error connecting to Redis on localhost:6379 (Errno::ECONNREFUSED))
Completed 500 Internal Server Error in 14ms (ActiveRecord: 0.0ms | Allocations: 5483)


  
Redis::CannotConnectError (Error connecting to Redis on localhost:6379 (Errno::ECONNREFUSED)):
  
app/controllers/users_controller.rb:15:in `create'
Started GET "/" for 127.0.0.1 at 2021-07-16 16:44:22 +0530
  [1m[35m (1.1ms)[0m  [1m[34mSELECT "schema_migrations"."version" FROM "schema_migrations" ORDER BY "schema_migrations"."version" ASC[0m
Processing by UsersController#index as HTML
  Rendering layout layouts/application.html.erb
  Rendering users/index.html.erb within layouts/application
  [1m[36mUser Load (1.3ms)[0m  [1m[34mSELECT "users".* FROM "users"[0m
  ↳ app/views/users/index.html.erb:11
  Rendered users/index.html.erb within layouts/application (Duration: 4.7ms | Allocations: 1610)
[Webpacker] Everything's up-to-date. Nothing to do
  Rendered layout layouts/application.html.erb (Duration: 18.6ms | Allocations: 7281)
Completed 200 OK in 32ms (Views: 20.6ms | ActiveRecord: 1.3ms | Allocations: 11379)


Started GET "/users/new" for 127.0.0.1 at 2021-07-16 16:44:26 +0530
Processing by UsersController#new as HTML
  Rendering layout layouts/application.html.erb
  Rendering users/new.html.erb within layouts/application
  Rendered users/_form.html.erb (Duration: 5.8ms | Allocations: 2933)
  Rendered users/new.html.erb within layouts/application (Duration: 7.1ms | Allocations: 3302)
[Webpacker] Everything's up-to-date. Nothing to do
  Rendered layout layouts/application.html.erb (Duration: 12.0ms | Allocations: 6287)
Completed 200 OK in 26ms (Views: 12.8ms | ActiveRecord: 5.9ms | Allocations: 10648)


Started POST "/users" for 127.0.0.1 at 2021-07-16 16:44:33 +0530
Processing by UsersController#create as HTML
  Parameters: {"authenticity_token"=>"[FILTERED]", "user"=>{"name"=>"Meet", "phone"=>"627373282"}, "commit"=>"Create User"}
[ActiveJob] Failed enqueuing GenerateRandomUserJob to Sidekiq(default): Redis::CannotConnectError (Error connecting to Redis on localhost:6379 (Errno::ECONNREFUSED))
Completed 500 Internal Server Error in 5ms (ActiveRecord: 0.0ms | Allocations: 4120)


  
Redis::CannotConnectError (Error connecting to Redis on localhost:6379 (Errno::ECONNREFUSED)):
  
app/controllers/users_controller.rb:15:in `create'
Started POST "/users" for 127.0.0.1 at 2021-07-16 16:45:15 +0530
  [1m[35m (1.1ms)[0m  [1m[34mSELECT "schema_migrations"."version" FROM "schema_migrations" ORDER BY "schema_migrations"."version" ASC[0m
  
AbstractController::ActionNotFound (The action 'create' could not be found for UsersController
Did you mean?  create_random
               update
               edit
               destroy):
  
actionpack (6.1.4) lib/abstract_controller/base.rb:160:in `process'
actionview (6.1.4) lib/action_view/rendering.rb:39:in `process'
actionpack (6.1.4) lib/action_controller/metal.rb:190:in `dispatch'
actionpack (6.1.4) lib/action_controller/metal.rb:254:in `dispatch'
actionpack (6.1.4) lib/action_dispatch/routing/route_set.rb:50:in `dispatch'
actionpack (6.1.4) lib/action_dispatch/routing/route_set.rb:33:in `serve'
actionpack (6.1.4) lib/action_dispatch/journey/router.rb:50:in `block in serve'
actionpack (6.1.4) lib/action_dispatch/journey/router.rb:32:in `each'
actionpack (6.1.4) lib/action_dispatch/journey/router.rb:32:in `serve'
actionpack (6.1.4) lib/action_dispatch/routing/route_set.rb:842:in `call'
rack (2.2.3) lib/rack/tempfile_reaper.rb:15:in `call'
rack (2.2.3) lib/rack/etag.rb:27:in `call'
rack (2.2.3) lib/rack/conditional_get.rb:40:in `call'
rack (2.2.3) lib/rack/head.rb:12:in `call'
actionpack (6.1.4) lib/action_dispatch/http/permissions_policy.rb:22:in `call'
actionpack (6.1.4) lib/action_dispatch/http/content_security_policy.rb:18:in `call'
rack (2.2.3) lib/rack/session/abstract/id.rb:266:in `context'
rack (2.2.3) lib/rack/session/abstract/id.rb:260:in `call'
actionpack (6.1.4) lib/action_dispatch/middleware/cookies.rb:689:in `call'
activerecord (6.1.4) lib/active_record/migration.rb:601:in `call'
actionpack (6.1.4) lib/action_dispatch/middleware/callbacks.rb:27:in `block in call'
activesupport (6.1.4) lib/active_support/callbacks.rb:98:in `run_callbacks'
actionpack (6.1.4) lib/action_dispatch/middleware/callbacks.rb:26:in `call'
actionpack (6.1.4) lib/action_dispatch/middleware/executor.rb:14:in `call'
actionpack (6.1.4) lib/action_dispatch/middleware/actionable_exceptions.rb:18:in `call'
actionpack (6.1.4) lib/action_dispatch/middleware/debug_exceptions.rb:29:in `call'
web-console (4.1.0) lib/web_console/middleware.rb:132:in `call_app'
web-console (4.1.0) lib/web_console/middleware.rb:28:in `block in call'
web-console (4.1.0) lib/web_console/middleware.rb:17:in `catch'
web-console (4.1.0) lib/web_console/middleware.rb:17:in `call'
actionpack (6.1.4) lib/action_dispatch/middleware/show_exceptions.rb:33:in `call'
railties (6.1.4) lib/rails/rack/logger.rb:37:in `call_app'
railties (6.1.4) lib/rails/rack/logger.rb:26:in `block in call'
activesupport (6.1.4) lib/active_support/tagged_logging.rb:99:in `block in tagged'
activesupport (6.1.4) lib/active_support/tagged_logging.rb:37:in `tagged'
activesupport (6.1.4) lib/active_support/tagged_logging.rb:99:in `tagged'
railties (6.1.4) lib/rails/rack/logger.rb:26:in `call'
sprockets-rails (3.2.2) lib/sprockets/rails/quiet_assets.rb:13:in `call'
actionpack (6.1.4) lib/action_dispatch/middleware/remote_ip.rb:81:in `call'
actionpack (6.1.4) lib/action_dispatch/middleware/request_id.rb:26:in `call'
rack (2.2.3) lib/rack/method_override.rb:24:in `call'
rack (2.2.3) lib/rack/runtime.rb:22:in `call'
activesupport (6.1.4) lib/active_support/cache/strategy/local_cache_middleware.rb:29:in `call'
actionpack (6.1.4) lib/action_dispatch/middleware/executor.rb:14:in `call'
actionpack (6.1.4) lib/action_dispatch/middleware/static.rb:24:in `call'
rack (2.2.3) lib/rack/sendfile.rb:110:in `call'
actionpack (6.1.4) lib/action_dispatch/middleware/host_authorization.rb:98:in `call'
rack-mini-profiler (2.3.2) lib/mini_profiler/profiler.rb:384:in `call'
webpacker (5.4.0) lib/webpacker/dev_server_proxy.rb:25:in `perform_request'
rack-proxy (0.7.0) lib/rack/proxy.rb:63:in `call'
railties (6.1.4) lib/rails/engine.rb:539:in `call'
puma (5.3.2) lib/puma/configuration.rb:249:in `call'
puma (5.3.2) lib/puma/request.rb:77:in `block in handle_request'
puma (5.3.2) lib/puma/thread_pool.rb:338:in `with_force_shutdown'
puma (5.3.2) lib/puma/request.rb:76:in `handle_request'
puma (5.3.2) lib/puma/server.rb:438:in `process_client'
puma (5.3.2) lib/puma/thread_pool.rb:145:in `block in spawn_thread'
Started POST "/users" for 127.0.0.1 at 2021-07-16 16:45:57 +0530
  [1m[35m (1.2ms)[0m  [1m[34mSELECT "schema_migrations"."version" FROM "schema_migrations" ORDER BY "schema_migrations"."version" ASC[0m
Processing by UsersController#create as HTML
  Parameters: {"authenticity_token"=>"[FILTERED]", "user"=>{"name"=>"Meet", "phone"=>"627373282"}, "commit"=>"Create User"}
[ActiveJob] Failed enqueuing GenerateRandomUserJob to Sidekiq(default): Redis::CannotConnectError (Error connecting to Redis on localhost:6379 (Errno::ECONNREFUSED))
Completed 500 Internal Server Error in 11ms (ActiveRecord: 0.0ms | Allocations: 5431)


  
Redis::CannotConnectError (Error connecting to Redis on localhost:6379 (Errno::ECONNREFUSED)):
  
app/controllers/users_controller.rb:15:in `create'
Started POST "/users" for 127.0.0.1 at 2021-07-16 17:05:01 +0530
  [1m[35m (1.3ms)[0m  [1m[34mSELECT "schema_migrations"."version" FROM "schema_migrations" ORDER BY "schema_migrations"."version" ASC[0m
Processing by UsersController#create as HTML
  Parameters: {"authenticity_token"=>"[FILTERED]", "user"=>{"name"=>"Meet", "phone"=>"627373282"}, "commit"=>"Create User"}
[ActiveJob] Failed enqueuing GenerateRandomUserJob to Sidekiq(default): Redis::ProtocolError ( Got 'H' as initial reply byte. If you're in a forking environment, such as Unicorn, you need to connect to Redis after forking. )
Completed 500 Internal Server Error in 11ms (ActiveRecord: 0.0ms | Allocations: 3820)


  
Redis::ProtocolError ( Got 'H' as initial reply byte. If you're in a forking environment, such as Unicorn, you need to connect to Redis after forking. ):
  
app/controllers/users_controller.rb:15:in `create'
Started POST "/users" for 127.0.0.1 at 2021-07-16 17:05:22 +0530
Processing by UsersController#create as HTML
  Parameters: {"authenticity_token"=>"[FILTERED]", "user"=>{"name"=>"Meet", "phone"=>"627373282"}, "commit"=>"Create User"}
[ActiveJob] Failed enqueuing GenerateRandomUserJob to Sidekiq(default): Redis::ProtocolError ( Got 'H' as initial reply byte. If you're in a forking environment, such as Unicorn, you need to connect to Redis after forking. )
Completed 500 Internal Server Error in 3ms (ActiveRecord: 0.0ms | Allocations: 2168)


  
Redis::ProtocolError ( Got 'H' as initial reply byte. If you're in a forking environment, such as Unicorn, you need to connect to Redis after forking. ):
  
app/controllers/users_controller.rb:15:in `create'
Started POST "/users" for 127.0.0.1 at 2021-07-16 17:05:30 +0530
  [1m[35m (1.4ms)[0m  [1m[34mSELECT "schema_migrations"."version" FROM "schema_migrations" ORDER BY "schema_migrations"."version" ASC[0m
Processing by UsersController#create as HTML
  Parameters: {"authenticity_token"=>"[FILTERED]", "user"=>{"name"=>"Meet", "phone"=>"627373282"}, "commit"=>"Create User"}
[ActiveJob] Failed enqueuing GenerateRandomUserJob to Sidekiq(default): Redis::CannotConnectError (Error connecting to Redis on localhost:6379 (Errno::ECONNREFUSED))
Completed 500 Internal Server Error in 10ms (ActiveRecord: 0.0ms | Allocations: 5430)


  
Redis::CannotConnectError (Error connecting to Redis on localhost:6379 (Errno::ECONNREFUSED)):
  
app/controllers/users_controller.rb:15:in `create'
Started GET "/" for 127.0.0.1 at 2021-07-16 17:09:50 +0530
  [1m[35m (1.1ms)[0m  [1m[34mSELECT "schema_migrations"."version" FROM "schema_migrations" ORDER BY "schema_migrations"."version" ASC[0m
Processing by UsersController#index as HTML
  Rendering layout layouts/application.html.erb
  Rendering users/index.html.erb within layouts/application
  [1m[36mUser Load (1.3ms)[0m  [1m[34mSELECT "users".* FROM "users"[0m
  ↳ app/views/users/index.html.erb:11
  Rendered users/index.html.erb within layouts/application (Duration: 3.9ms | Allocations: 1610)
[Webpacker] Everything's up-to-date. Nothing to do
  Rendered layout layouts/application.html.erb (Duration: 13.9ms | Allocations: 7238)
Completed 200 OK in 27ms (Views: 16.0ms | ActiveRecord: 1.3ms | Allocations: 11456)


Started GET "/users/new" for 127.0.0.1 at 2021-07-16 17:09:54 +0530
Processing by UsersController#new as HTML
  Rendering layout layouts/application.html.erb
  Rendering users/new.html.erb within layouts/application
  Rendered users/_form.html.erb (Duration: 7.4ms | Allocations: 2936)
  Rendered users/new.html.erb within layouts/application (Duration: 8.5ms | Allocations: 3308)
[Webpacker] Everything's up-to-date. Nothing to do
  Rendered layout layouts/application.html.erb (Duration: 13.7ms | Allocations: 6303)
Completed 200 OK in 44ms (Views: 14.4ms | ActiveRecord: 5.8ms | Allocations: 10635)


Started POST "/users" for 127.0.0.1 at 2021-07-16 17:10:04 +0530
Processing by UsersController#create as HTML
  Parameters: {"authenticity_token"=>"[FILTERED]", "user"=>{"name"=>"test", "phone"=>"3333333333"}, "commit"=>"Create User"}
[ActiveJob] Failed enqueuing GenerateRandomUserJob to Sidekiq(default): Redis::ProtocolError ( Got 'H' as initial reply byte. If you're in a forking environment, such as Unicorn, you need to connect to Redis after forking. )
Completed 500 Internal Server Error in 5ms (ActiveRecord: 0.0ms | Allocations: 2465)


  
Redis::ProtocolError ( Got 'H' as initial reply byte. If you're in a forking environment, such as Unicorn, you need to connect to Redis after forking. ):
  
app/controllers/users_controller.rb:15:in `create'
Started GET "/users/new" for 127.0.0.1 at 2021-07-16 17:10:40 +0530
Processing by UsersController#new as HTML
  Rendering layout layouts/application.html.erb
  Rendering users/new.html.erb within layouts/application
  Rendered users/_form.html.erb (Duration: 1.3ms | Allocations: 762)
  Rendered users/new.html.erb within layouts/application (Duration: 1.5ms | Allocations: 856)
[Webpacker] Everything's up-to-date. Nothing to do
  Rendered layout layouts/application.html.erb (Duration: 5.2ms | Allocations: 3823)
Completed 200 OK in 6ms (Views: 5.9ms | ActiveRecord: 0.0ms | Allocations: 4387)


Started POST "/users" for 127.0.0.1 at 2021-07-16 17:10:48 +0530
Processing by UsersController#create as HTML
  Parameters: {"authenticity_token"=>"[FILTERED]", "user"=>{"name"=>"trw", "phone"=>"4656"}, "commit"=>"Create User"}
[ActiveJob] Failed enqueuing GenerateRandomUserJob to Sidekiq(default): Redis::ProtocolError ( Got 'H' as initial reply byte. If you're in a forking environment, such as Unicorn, you need to connect to Redis after forking. )
Completed 500 Internal Server Error in 4ms (ActiveRecord: 0.0ms | Allocations: 1713)


  
Redis::ProtocolError ( Got 'H' as initial reply byte. If you're in a forking environment, such as Unicorn, you need to connect to Redis after forking. ):
  
app/controllers/users_controller.rb:15:in `create'
Started GET "/users/new" for 127.0.0.1 at 2021-07-16 17:11:06 +0530
  [1m[35m (1.2ms)[0m  [1m[34mSELECT "schema_migrations"."version" FROM "schema_migrations" ORDER BY "schema_migrations"."version" ASC[0m
Processing by UsersController#new as HTML
  Rendering layout layouts/application.html.erb
  Rendering users/new.html.erb within layouts/application
  Rendered users/_form.html.erb (Duration: 6.0ms | Allocations: 3067)
  Rendered users/new.html.erb within layouts/application (Duration: 7.3ms | Allocations: 3686)
[Webpacker] Everything's up-to-date. Nothing to do
  Rendered layout layouts/application.html.erb (Duration: 18.8ms | Allocations: 9273)
Completed 200 OK in 42ms (Views: 21.2ms | ActiveRecord: 5.3ms | Allocations: 16946)


Started POST "/users" for 127.0.0.1 at 2021-07-16 17:11:11 +0530
Processing by UsersController#create as HTML
  Parameters: {"authenticity_token"=>"[FILTERED]", "user"=>{"name"=>"gjg", "phone"=>"5656"}, "commit"=>"Create User"}
[ActiveJob] Failed enqueuing GenerateRandomUserJob to Sidekiq(default): Redis::CannotConnectError (Error connecting to Redis on localhost:6379 (Errno::ECONNREFUSED))
Completed 500 Internal Server Error in 20ms (ActiveRecord: 0.0ms | Allocations: 4122)


  
Redis::CannotConnectError (Error connecting to Redis on localhost:6379 (Errno::ECONNREFUSED)):
  
app/controllers/users_controller.rb:15:in `create'
Started GET "/" for 127.0.0.1 at 2021-07-16 17:20:23 +0530
  [1m[35m (0.7ms)[0m  [1m[34mSELECT "schema_migrations"."version" FROM "schema_migrations" ORDER BY "schema_migrations"."version" ASC[0m
Processing by UsersController#index as HTML
  Rendering layout layouts/application.html.erb
  Rendering users/index.html.erb within layouts/application
  [1m[36mUser Load (0.9ms)[0m  [1m[34mSELECT "users".* FROM "users"[0m
  ↳ app/views/users/index.html.erb:11
  Rendered users/index.html.erb within layouts/application (Duration: 3.0ms | Allocations: 1611)
[Webpacker] Everything's up-to-date. Nothing to do
  Rendered layout layouts/application.html.erb (Duration: 13.0ms | Allocations: 7239)
Completed 200 OK in 22ms (Views: 14.1ms | ActiveRecord: 0.9ms | Allocations: 11457)


Started GET "/users/new" for 127.0.0.1 at 2021-07-16 17:20:26 +0530
Processing by UsersController#new as HTML
  Rendering layout layouts/application.html.erb
  Rendering users/new.html.erb within layouts/application
  Rendered users/_form.html.erb (Duration: 4.8ms | Allocations: 2936)
  Rendered users/new.html.erb within layouts/application (Duration: 5.7ms | Allocations: 3308)
[Webpacker] Everything's up-to-date. Nothing to do
  Rendered layout layouts/application.html.erb (Duration: 11.6ms | Allocations: 6303)
Completed 200 OK in 36ms (Views: 25.3ms | ActiveRecord: 4.3ms | Allocations: 10635)


Started POST "/users" for 127.0.0.1 at 2021-07-16 17:20:31 +0530
Processing by UsersController#create as HTML
  Parameters: {"authenticity_token"=>"[FILTERED]", "user"=>{"name"=>"tetet", "phone"=>"53535"}, "commit"=>"Create User"}
[ActiveJob] Enqueued GenerateRandomUserJob (Job ID: 014cbfff-80f7-4132-96a5-ace67f40448e) to Sidekiq(default)
  [1m[36mTRANSACTION (2.4ms)[0m  [1m[35mBEGIN[0m
  ↳ app/controllers/users_controller.rb:18:in `create'
  [1m[36mUser Create (2.6ms)[0m  [1m[32mINSERT INTO "users" ("name", "phone", "created_at", "updated_at") VALUES ($1, $2, $3, $4) RETURNING "id"[0m  [["name", "tetet"], ["phone", "53535"], ["created_at", "2021-07-16 11:50:31.790808"], ["updated_at", "2021-07-16 11:50:31.790808"]]
  ↳ app/controllers/users_controller.rb:18:in `create'
  [1m[36mTRANSACTION (2.6ms)[0m  [1m[35mCOMMIT[0m
  ↳ app/controllers/users_controller.rb:18:in `create'
Redirected to http://localhost:3000/users/1
Completed 302 Found in 25ms (ActiveRecord: 7.5ms | Allocations: 5122)


Started GET "/users/1" for 127.0.0.1 at 2021-07-16 17:20:31 +0530
Processing by UsersController#show as HTML
  Parameters: {"id"=>"1"}
  [1m[36mUser Load (1.1ms)[0m  [1m[34mSELECT "users".* FROM "users" WHERE "users"."id" = $1 LIMIT $2[0m  [["id", 1], ["LIMIT", 1]]
  ↳ app/controllers/users_controller.rb:7:in `show'
  Rendering layout layouts/application.html.erb
  Rendering users/show.html.erb within layouts/application
  Rendered users/show.html.erb within layouts/application (Duration: 0.9ms | Allocations: 249)
[Webpacker] Everything's up-to-date. Nothing to do
  Rendered layout layouts/application.html.erb (Duration: 5.5ms | Allocations: 3254)
Completed 200 OK in 14ms (Views: 6.0ms | ActiveRecord: 2.1ms | Allocations: 5630)


Started GET "/" for 127.0.0.1 at 2021-07-16 17:56:18 +0530
  [1m[35m (1.0ms)[0m  [1m[34mSELECT "schema_migrations"."version" FROM "schema_migrations" ORDER BY "schema_migrations"."version" ASC[0m
Processing by UsersController#index as HTML
  Rendering layout layouts/application.html.erb
  Rendering users/index.html.erb within layouts/application
  [1m[36mUser Load (1.0ms)[0m  [1m[34mSELECT "users".* FROM "users"[0m
  ↳ app/views/users/index.html.erb:11
  Rendered users/index.html.erb within layouts/application (Duration: 12.7ms | Allocations: 5291)
[Webpacker] Everything's up-to-date. Nothing to do
  Rendered layout layouts/application.html.erb (Duration: 20.8ms | Allocations: 10917)
Completed 200 OK in 30ms (Views: 17.5ms | ActiveRecord: 5.5ms | Allocations: 15134)


Started GET "/users/new" for 127.0.0.1 at 2021-07-16 17:56:19 +0530
Processing by UsersController#new as HTML
  Rendering layout layouts/application.html.erb
  Rendering users/new.html.erb within layouts/application
  Rendered users/_form.html.erb (Duration: 25.2ms | Allocations: 2922)
  Rendered users/new.html.erb within layouts/application (Duration: 26.9ms | Allocations: 3292)
[Webpacker] Everything's up-to-date. Nothing to do
  Rendered layout layouts/application.html.erb (Duration: 34.9ms | Allocations: 6287)
Completed 200 OK in 38ms (Views: 35.8ms | ActiveRecord: 0.0ms | Allocations: 7078)


Started POST "/users" for 127.0.0.1 at 2021-07-16 17:56:23 +0530
Processing by UsersController#create as HTML
  Parameters: {"authenticity_token"=>"[FILTERED]", "user"=>{"name"=>"qjodjqh", "phone"=>"qwodhoquhd"}, "commit"=>"Create User"}
[ActiveJob] Failed enqueuing GenerateRandomUserJob to Sidekiq(default): Redis::CannotConnectError (Error connecting to Redis on localhost:6360 (Errno::ECONNREFUSED))
Completed 500 Internal Server Error in 8ms (ActiveRecord: 0.0ms | Allocations: 4121)


  
Redis::CannotConnectError (Error connecting to Redis on localhost:6360 (Errno::ECONNREFUSED)):
  
app/controllers/users_controller.rb:15:in `create'
Started POST "/users" for 127.0.0.1 at 2021-07-16 17:57:21 +0530
  [1m[35m (0.9ms)[0m  [1m[34mSELECT "schema_migrations"."version" FROM "schema_migrations" ORDER BY "schema_migrations"."version" ASC[0m
Processing by UsersController#create as HTML
  Parameters: {"authenticity_token"=>"[FILTERED]", "user"=>{"name"=>"qjodjqh", "phone"=>"qwodhoquhd"}, "commit"=>"Create User"}
[ActiveJob] Failed enqueuing GenerateRandomUserJob to Sidekiq(default): Redis::CannotConnectError (Error connecting to Redis on localhost:6360 (Errno::ECONNREFUSED))
Completed 500 Internal Server Error in 8ms (ActiveRecord: 0.0ms | Allocations: 5430)


  
Redis::CannotConnectError (Error connecting to Redis on localhost:6360 (Errno::ECONNREFUSED)):
  
app/controllers/users_controller.rb:15:in `create'
Started GET "/" for 127.0.0.1 at 2021-07-16 17:57:35 +0530
  [1m[35m (1.0ms)[0m  [1m[34mSELECT "schema_migrations"."version" FROM "schema_migrations" ORDER BY "schema_migrations"."version" ASC[0m
Processing by UsersController#index as HTML
  Rendering layout layouts/application.html.erb
  Rendering users/index.html.erb within layouts/application
  [1m[36mUser Load (1.1ms)[0m  [1m[34mSELECT "users".* FROM "users"[0m
  ↳ app/views/users/index.html.erb:11
  Rendered users/index.html.erb within layouts/application (Duration: 12.9ms | Allocations: 5291)
[Webpacker] Everything's up-to-date. Nothing to do
  Rendered layout layouts/application.html.erb (Duration: 25.1ms | Allocations: 10917)
Completed 200 OK in 34ms (Views: 21.4ms | ActiveRecord: 5.8ms | Allocations: 15134)


Started GET "/users/new" for 127.0.0.1 at 2021-07-16 17:57:37 +0530
Processing by UsersController#new as HTML
  Rendering layout layouts/application.html.erb
  Rendering users/new.html.erb within layouts/application
  Rendered users/_form.html.erb (Duration: 23.8ms | Allocations: 2921)
  Rendered users/new.html.erb within layouts/application (Duration: 25.5ms | Allocations: 3290)
[Webpacker] Everything's up-to-date. Nothing to do
  Rendered layout layouts/application.html.erb (Duration: 32.5ms | Allocations: 6285)
Completed 200 OK in 36ms (Views: 33.5ms | ActiveRecord: 0.0ms | Allocations: 7076)


Started POST "/users" for 127.0.0.1 at 2021-07-16 17:57:41 +0530
Processing by UsersController#create as HTML
  Parameters: {"authenticity_token"=>"[FILTERED]", "user"=>{"name"=>"wdwd", "phone"=>"324234342"}, "commit"=>"Create User"}
[ActiveJob] Failed enqueuing GenerateRandomUserJob to Sidekiq(default): Redis::CannotConnectError (Error connecting to Redis on localhost:6360 (Errno::ECONNREFUSED))
Completed 500 Internal Server Error in 5ms (ActiveRecord: 0.0ms | Allocations: 4117)


  
Redis::CannotConnectError (Error connecting to Redis on localhost:6360 (Errno::ECONNREFUSED)):
  
app/controllers/users_controller.rb:15:in `create'
Started GET "/" for 127.0.0.1 at 2021-07-16 18:03:24 +0530
  [1m[35m (0.8ms)[0m  [1m[34mSELECT "schema_migrations"."version" FROM "schema_migrations" ORDER BY "schema_migrations"."version" ASC[0m
Processing by UsersController#index as HTML
  Rendering layout layouts/application.html.erb
  Rendering users/index.html.erb within layouts/application
  [1m[36mUser Load (1.0ms)[0m  [1m[34mSELECT "users".* FROM "users"[0m
  ↳ app/views/users/index.html.erb:11
  Rendered users/index.html.erb within layouts/application (Duration: 11.1ms | Allocations: 5291)
[Webpacker] Everything's up-to-date. Nothing to do
  Rendered layout layouts/application.html.erb (Duration: 19.7ms | Allocations: 10917)
Completed 200 OK in 28ms (Views: 16.4ms | ActiveRecord: 5.0ms | Allocations: 15134)


Started GET "/users/new" for 127.0.0.1 at 2021-07-16 18:03:26 +0530
Processing by UsersController#new as HTML
  Rendering layout layouts/application.html.erb
  Rendering users/new.html.erb within layouts/application
  Rendered users/_form.html.erb (Duration: 6.2ms | Allocations: 2922)
  Rendered users/new.html.erb within layouts/application (Duration: 7.7ms | Allocations: 3294)
[Webpacker] Everything's up-to-date. Nothing to do
  Rendered layout layouts/application.html.erb (Duration: 12.3ms | Allocations: 6289)
Completed 200 OK in 14ms (Views: 12.9ms | ActiveRecord: 0.0ms | Allocations: 7081)


Started POST "/users" for 127.0.0.1 at 2021-07-16 18:03:30 +0530
Processing by UsersController#create as HTML
  Parameters: {"authenticity_token"=>"[FILTERED]", "user"=>{"name"=>"qjwdq", "phone"=>"7346971364796"}, "commit"=>"Create User"}
[ActiveJob] Enqueued GenerateRandomUserJob (Job ID: 7c4e214f-0a21-4f18-ae02-f1b0fd0e157e) to Sidekiq(default)
  [1m[36mTRANSACTION (1.0ms)[0m  [1m[35mBEGIN[0m
  ↳ app/controllers/users_controller.rb:18:in `create'
  [1m[36mUser Create (1.2ms)[0m  [1m[32mINSERT INTO "users" ("name", "phone", "created_at", "updated_at") VALUES ($1, $2, $3, $4) RETURNING "id"[0m  [["name", "qjwdq"], ["phone", "7346971364796"], ["created_at", "2021-07-16 12:33:30.654153"], ["updated_at", "2021-07-16 12:33:30.654153"]]
  ↳ app/controllers/users_controller.rb:18:in `create'
  [1m[36mTRANSACTION (2.2ms)[0m  [1m[35mCOMMIT[0m
  ↳ app/controllers/users_controller.rb:18:in `create'
Redirected to http://localhost:3000/users/2
Completed 302 Found in 16ms (ActiveRecord: 4.4ms | Allocations: 5132)


Started GET "/users/2" for 127.0.0.1 at 2021-07-16 18:03:30 +0530
Processing by UsersController#show as HTML
  Parameters: {"id"=>"2"}
  [1m[36mUser Load (1.0ms)[0m  [1m[34mSELECT "users".* FROM "users" WHERE "users"."id" = $1 LIMIT $2[0m  [["id", 2], ["LIMIT", 1]]
  ↳ app/controllers/users_controller.rb:7:in `show'
  Rendering layout layouts/application.html.erb
  Rendering users/show.html.erb within layouts/application
  Rendered users/show.html.erb within layouts/application (Duration: 0.7ms | Allocations: 243)
[Webpacker] Everything's up-to-date. Nothing to do
  Rendered layout layouts/application.html.erb (Duration: 5.7ms | Allocations: 3250)
Completed 200 OK in 13ms (Views: 6.5ms | ActiveRecord: 1.8ms | Allocations: 5607)


Started GET "/users/2" for 127.0.0.1 at 2021-07-16 18:18:32 +0530
  [1m[35m (0.9ms)[0m  [1m[34mSELECT "schema_migrations"."version" FROM "schema_migrations" ORDER BY "schema_migrations"."version" ASC[0m
Processing by UsersController#show as HTML
  Parameters: {"id"=>"2"}
  [1m[36mUser Load (0.7ms)[0m  [1m[34mSELECT "users".* FROM "users" WHERE "users"."id" = $1 LIMIT $2[0m  [["id", 2], ["LIMIT", 1]]
  ↳ app/controllers/users_controller.rb:7:in `show'
  Rendering layout layouts/application.html.erb
  Rendering users/show.html.erb within layouts/application
  Rendered users/show.html.erb within layouts/application (Duration: 1.0ms | Allocations: 555)
[Webpacker] Everything's up-to-date. Nothing to do
  Rendered layout layouts/application.html.erb (Duration: 9.5ms | Allocations: 6188)
Completed 200 OK in 31ms (Views: 11.6ms | ActiveRecord: 5.0ms | Allocations: 15637)


Started GET "/" for 127.0.0.1 at 2021-07-16 18:18:36 +0530
Processing by UsersController#index as HTML
  Rendering layout layouts/application.html.erb
  Rendering users/index.html.erb within layouts/application
  [1m[36mUser Load (1.0ms)[0m  [1m[34mSELECT "users".* FROM "users"[0m
  ↳ app/views/users/index.html.erb:11
  Rendered users/index.html.erb within layouts/application (Duration: 4.3ms | Allocations: 1524)
[Webpacker] Everything's up-to-date. Nothing to do
  Rendered layout layouts/application.html.erb (Duration: 28.2ms | Allocations: 4512)
Completed 200 OK in 30ms (Views: 28.0ms | ActiveRecord: 1.0ms | Allocations: 5253)


Started GET "/users/new" for 127.0.0.1 at 2021-07-16 18:18:38 +0530
Processing by UsersController#new as HTML
  Rendering layout layouts/application.html.erb
  Rendering users/new.html.erb within layouts/application
  Rendered users/_form.html.erb (Duration: 6.0ms | Allocations: 2910)
  Rendered users/new.html.erb within layouts/application (Duration: 6.8ms | Allocations: 3263)
[Webpacker] Everything's up-to-date. Nothing to do
  Rendered layout layouts/application.html.erb (Duration: 11.2ms | Allocations: 6247)
Completed 200 OK in 13ms (Views: 11.7ms | ActiveRecord: 0.0ms | Allocations: 6907)


Started POST "/users" for 127.0.0.1 at 2021-07-16 18:18:42 +0530
Processing by UsersController#create as HTML
  Parameters: {"authenticity_token"=>"[FILTERED]", "user"=>{"name"=>"wdhqos", "phone"=>"896787"}, "commit"=>"Create User"}
[ActiveJob] Enqueued GenerateRandomUserJob (Job ID: e93b8315-1827-4a41-91c5-42534826fc68) to Sidekiq(default)
  [1m[36mTRANSACTION (1.3ms)[0m  [1m[35mBEGIN[0m
  ↳ app/controllers/users_controller.rb:18:in `create'
  [1m[36mUser Create (2.0ms)[0m  [1m[32mINSERT INTO "users" ("name", "phone", "created_at", "updated_at") VALUES ($1, $2, $3, $4) RETURNING "id"[0m  [["name", "wdhqos"], ["phone", "896787"], ["created_at", "2021-07-16 12:48:42.838351"], ["updated_at", "2021-07-16 12:48:42.838351"]]
  ↳ app/controllers/users_controller.rb:18:in `create'
  [1m[36mTRANSACTION (2.1ms)[0m  [1m[35mCOMMIT[0m
  ↳ app/controllers/users_controller.rb:18:in `create'
Redirected to http://localhost:3000/users/3
Completed 302 Found in 18ms (ActiveRecord: 5.4ms | Allocations: 5068)


Started GET "/users/3" for 127.0.0.1 at 2021-07-16 18:18:42 +0530
Processing by UsersController#show as HTML
  Parameters: {"id"=>"3"}
  [1m[36mUser Load (0.8ms)[0m  [1m[34mSELECT "users".* FROM "users" WHERE "users"."id" = $1 LIMIT $2[0m  [["id", 3], ["LIMIT", 1]]
  ↳ app/controllers/users_controller.rb:7:in `show'
  Rendering layout layouts/application.html.erb
  Rendering users/show.html.erb within layouts/application
  Rendered users/show.html.erb within layouts/application (Duration: 0.5ms | Allocations: 89)
[Webpacker] Everything's up-to-date. Nothing to do
  Rendered layout layouts/application.html.erb (Duration: 5.2ms | Allocations: 3065)
Completed 200 OK in 9ms (Views: 5.8ms | ActiveRecord: 0.8ms | Allocations: 4305)


Started GET "/users" for 127.0.0.1 at 2021-07-16 18:18:44 +0530
Processing by UsersController#index as HTML
  Rendering layout layouts/application.html.erb
  Rendering users/index.html.erb within layouts/application
  [1m[36mUser Load (1.1ms)[0m  [1m[34mSELECT "users".* FROM "users"[0m
  ↳ app/views/users/index.html.erb:11
  Rendered users/index.html.erb within layouts/application (Duration: 5.0ms | Allocations: 1178)
[Webpacker] Everything's up-to-date. Nothing to do
  Rendered layout layouts/application.html.erb (Duration: 10.6ms | Allocations: 4028)
Completed 200 OK in 12ms (Views: 10.1ms | ActiveRecord: 1.1ms | Allocations: 4496)


Started GET "/" for 127.0.0.1 at 2021-07-18 19:26:36 +0530
  [1m[35m (1.6ms)[0m  [1m[34mSELECT "schema_migrations"."version" FROM "schema_migrations" ORDER BY "schema_migrations"."version" ASC[0m
Processing by UsersController#index as HTML
  Rendering layout layouts/application.html.erb
  Rendering users/index.html.erb within layouts/application
  [1m[36mUser Load (2.5ms)[0m  [1m[34mSELECT "users".* FROM "users"[0m
  ↳ app/views/users/index.html.erb:11
  Rendered users/index.html.erb within layouts/application (Duration: 14.2ms | Allocations: 5461)
[Webpacker] Everything's up-to-date. Nothing to do
  Rendered layout layouts/application.html.erb (Duration: 28.1ms | Allocations: 11130)
Completed 200 OK in 38ms (Views: 22.7ms | ActiveRecord: 7.4ms | Allocations: 15227)


Started GET "/users/new" for 127.0.0.1 at 2021-07-18 19:26:41 +0530
Processing by UsersController#new as HTML
  Rendering layout layouts/application.html.erb
  Rendering users/new.html.erb within layouts/application
  Rendered users/_form.html.erb (Duration: 14.6ms | Allocations: 2922)
  Rendered users/new.html.erb within layouts/application (Duration: 18.6ms | Allocations: 3291)
[Webpacker] Everything's up-to-date. Nothing to do
  Rendered layout layouts/application.html.erb (Duration: 42.1ms | Allocations: 6279)
Completed 200 OK in 47ms (Views: 43.6ms | ActiveRecord: 0.0ms | Allocations: 7099)


Started POST "/users" for 127.0.0.1 at 2021-07-18 19:26:46 +0530
Processing by UsersController#create as HTML
  Parameters: {"authenticity_token"=>"[FILTERED]", "user"=>{"name"=>"nsdojn", "phone"=>"3225"}, "commit"=>"Create User"}
[ActiveJob] Failed enqueuing GenerateRandomUserJob to Sidekiq(default): Redis::CannotConnectError (Error connecting to Redis on localhost:6360 (Errno::ECONNREFUSED))
Completed 500 Internal Server Error in 23ms (ActiveRecord: 0.0ms | Allocations: 4122)


  
Redis::CannotConnectError (Error connecting to Redis on localhost:6360 (Errno::ECONNREFUSED)):
  
app/controllers/users_controller.rb:15:in `create'
